<?xml version="1.0" encoding="UTF-8"?>
<testsuite xmlns:xsi="http://www.w3.org/2001/XMLSchema-instance" xsi:noNamespaceSchemaLocation="https://maven.apache.org/surefire/maven-surefire-plugin/xsd/surefire-test-report.xsd" name="ru.netology.Java9.RadioTest" time="0.099" tests="9" errors="0" skipped="0" failures="0">
  <properties>
[...]
</properties>
  <testcase name="correctMaxCountStation" classname="ru.netology.Java9.RadioTest" time="0.061"/>
  <testcase name="aboveMinStationNumber" classname="ru.netology.Java9.RadioTest" time="0"/>
  <testcase name="aboveMaxStationNumber" classname="ru.netology.Java9.RadioTest" time="0.001"/>
  <testcase name="nextStationNumber" classname="ru.netology.Java9.RadioTest" time="0.002"/>
  <testcase name="aboveMaxCountStation" classname="ru.netology.Java9.RadioTest" time="0.001"/>
  <testcase name="decreaseVolume" classname="ru.netology.Java9.RadioTest" time="0.001"/>
  <testcase name="correctStationNumber" classname="ru.netology.Java9.RadioTest" time="0.001"/>
  <testcase name="prevStationNumber" classname="ru.netology.Java9.RadioTest" time="0.001"/>
  <testcase name="aboveIncreaseVolume" classname="ru.netology.Java9.RadioTest" time="0.001"/>
</testsuite>